<?xml version="1.0" encoding="UTF-8"?>
<testng-results skipped="0" failed="0" ignored="0" total="1" passed="1">
  <reporter-output>
  </reporter-output>
  <suite name="Default suite" duration-ms="54052" started-at="2020-01-18T08:33:29 GMT" finished-at="2020-01-18T08:34:23 GMT">
    <groups>
    </groups>
    <test name="Default test" duration-ms="54052" started-at="2020-01-18T08:33:29 GMT" finished-at="2020-01-18T08:34:23 GMT">
      <class name="com.amazon.testspage.LoginTest">
        <test-method status="PASS" signature="beforeClass()[pri:0, instance:com.amazon.testspage.LoginTest@1bd4fdd]" name="beforeClass" is-config="true" duration-ms="9811" started-at="2020-01-18T08:33:29 GMT" finished-at="2020-01-18T08:33:39 GMT">
          <reporter-output>
          </reporter-output>
        </test-method> <!-- beforeClass -->
        <test-method status="PASS" signature="beforeMethod()[pri:0, instance:com.amazon.testspage.LoginTest@1bd4fdd]" name="beforeMethod" is-config="true" duration-ms="19344" started-at="2020-01-18T08:33:40 GMT" finished-at="2020-01-18T08:34:00 GMT">
          <reporter-output>
          </reporter-output>
        </test-method> <!-- beforeMethod -->
        <test-method status="PASS" signature="ScenarioOne(java.lang.String, java.lang.String, java.lang.String, java.lang.String, java.lang.String, java.lang.String, java.lang.String)[pri:0, instance:com.amazon.testspage.LoginTest@1bd4fdd]" name="ScenarioOne" duration-ms="21709" started-at="2020-01-18T08:34:00 GMT" data-provider="getdatalogin" finished-at="2020-01-18T08:34:22 GMT">
          <params>
            <param index="0">
              <value>
                <![CDATA[g.gaurav2812@gmail.com]]>
              </value>
            </param>
            <param index="1">
              <value>
                <![CDATA[TWF1bGlAMjgxMiQ=]]>
              </value>
            </param>
            <param index="2">
              <value>
                <![CDATA[Hello, Gaurav]]>
              </value>
            </param>
            <param index="3">
              <value>
                <![CDATA[ggaur]]>
              </value>
            </param>
            <param index="4">
              <value>
                <![CDATA[1234]]>
              </value>
            </param>
            <param index="5">
              <value>
                <![CDATA[8793100405]]>
              </value>
            </param>
            <param index="6">
              <value>
                <![CDATA[8793]]>
              </value>
            </param>
          </params>
          <reporter-output>
          </reporter-output>
        </test-method> <!-- ScenarioOne -->
        <test-method status="PASS" signature="afterMethod()[pri:0, instance:com.amazon.testspage.LoginTest@1bd4fdd]" name="afterMethod" is-config="true" duration-ms="4" started-at="2020-01-18T08:34:22 GMT" finished-at="2020-01-18T08:34:22 GMT">
          <reporter-output>
          </reporter-output>
        </test-method> <!-- afterMethod -->
        <test-method status="PASS" signature="afterClass()[pri:0, instance:com.amazon.testspage.LoginTest@1bd4fdd]" name="afterClass" is-config="true" duration-ms="1650" started-at="2020-01-18T08:34:22 GMT" finished-at="2020-01-18T08:34:23 GMT">
          <reporter-output>
          </reporter-output>
        </test-method> <!-- afterClass -->
      </class> <!-- com.amazon.testspage.LoginTest -->
    </test> <!-- Default test -->
  </suite> <!-- Default suite -->
</testng-results>
